[0.057s] DEBUG:colcon:Command line arguments: ['/usr/bin/colcon', 'build']
[0.057s] DEBUG:colcon:Parsed command line arguments: Namespace(log_base=None, log_level=None, verb_name='build', build_base='build', install_base='install', merge_install=False, symlink_install=False, test_result_base=None, continue_on_error=False, executor='parallel', parallel_workers=16, event_handlers=None, ignore_user_meta=False, metas=['./colcon.meta'], base_paths=['.'], packages_ignore=None, packages_ignore_regex=None, paths=None, packages_up_to=None, packages_up_to_regex=None, packages_above=None, packages_above_and_dependencies=None, packages_above_depth=None, packages_select_by_dep=None, packages_skip_by_dep=None, packages_skip_up_to=None, packages_select_build_failed=False, packages_skip_build_finished=False, packages_select_test_failures=False, packages_skip_test_passed=False, packages_select=None, packages_skip=None, packages_select_regex=None, packages_skip_regex=None, packages_start=None, packages_end=None, allow_overriding=[], cmake_args=None, cmake_target=None, cmake_target_skip_unavailable=False, cmake_clean_cache=False, cmake_clean_first=False, cmake_force_configure=False, ament_cmake_args=None, catkin_cmake_args=None, catkin_skip_building_tests=False, verb_parser=<colcon_defaults.argument_parser.defaults.DefaultArgumentsDecorator object at 0x79235df691b0>, verb_extension=<colcon_core.verb.build.BuildVerb object at 0x79235df68be0>, main=<bound method BuildVerb.main of <colcon_core.verb.build.BuildVerb object at 0x79235df68be0>>)
[0.161s] Level 1:colcon.colcon_core.package_discovery:discover_packages(colcon_meta) check parameters
[0.161s] Level 1:colcon.colcon_core.package_discovery:discover_packages(recursive) check parameters
[0.161s] Level 1:colcon.colcon_core.package_discovery:discover_packages(ignore) check parameters
[0.161s] Level 1:colcon.colcon_core.package_discovery:discover_packages(path) check parameters
[0.161s] Level 1:colcon.colcon_core.package_discovery:discover_packages(colcon_meta) discover
[0.161s] Level 1:colcon.colcon_core.package_discovery:discover_packages(recursive) discover
[0.161s] INFO:colcon.colcon_core.package_discovery:Crawling recursively for packages in '/home/mo/ws_python'
[0.161s] Level 1:colcon.colcon_core.package_identification:_identify(.) by extensions ['ignore', 'ignore_ament_install']
[0.161s] Level 1:colcon.colcon_core.package_identification:_identify(.) by extension 'ignore'
[0.161s] Level 1:colcon.colcon_core.package_identification:_identify(.) by extension 'ignore_ament_install'
[0.161s] Level 1:colcon.colcon_core.package_identification:_identify(.) by extensions ['colcon_pkg']
[0.161s] Level 1:colcon.colcon_core.package_identification:_identify(.) by extension 'colcon_pkg'
[0.161s] Level 1:colcon.colcon_core.package_identification:_identify(.) by extensions ['colcon_meta']
[0.161s] Level 1:colcon.colcon_core.package_identification:_identify(.) by extension 'colcon_meta'
[0.161s] Level 1:colcon.colcon_core.package_identification:_identify(.) by extensions ['ros']
[0.161s] Level 1:colcon.colcon_core.package_identification:_identify(.) by extension 'ros'
[0.168s] Level 1:colcon.colcon_core.package_identification:_identify(.) by extensions ['cmake', 'python']
[0.168s] Level 1:colcon.colcon_core.package_identification:_identify(.) by extension 'cmake'
[0.168s] Level 1:colcon.colcon_core.package_identification:_identify(.) by extension 'python'
[0.168s] Level 1:colcon.colcon_core.package_identification:_identify(.) by extensions ['python_setup_py']
[0.168s] Level 1:colcon.colcon_core.package_identification:_identify(.) by extension 'python_setup_py'
[0.168s] Level 1:colcon.colcon_core.package_identification:_identify(build) by extensions ['ignore', 'ignore_ament_install']
[0.168s] Level 1:colcon.colcon_core.package_identification:_identify(build) by extension 'ignore'
[0.168s] Level 1:colcon.colcon_core.package_identification:_identify(build) ignored
[0.168s] Level 1:colcon.colcon_core.package_identification:_identify(install) by extensions ['ignore', 'ignore_ament_install']
[0.168s] Level 1:colcon.colcon_core.package_identification:_identify(install) by extension 'ignore'
[0.168s] Level 1:colcon.colcon_core.package_identification:_identify(install) ignored
[0.168s] Level 1:colcon.colcon_core.package_identification:_identify(log) by extensions ['ignore', 'ignore_ament_install']
[0.168s] Level 1:colcon.colcon_core.package_identification:_identify(log) by extension 'ignore'
[0.168s] Level 1:colcon.colcon_core.package_identification:_identify(log) ignored
[0.168s] Level 1:colcon.colcon_core.package_identification:_identify(src) by extensions ['ignore', 'ignore_ament_install']
[0.168s] Level 1:colcon.colcon_core.package_identification:_identify(src) by extension 'ignore'
[0.169s] Level 1:colcon.colcon_core.package_identification:_identify(src) by extension 'ignore_ament_install'
[0.169s] Level 1:colcon.colcon_core.package_identification:_identify(src) by extensions ['colcon_pkg']
[0.169s] Level 1:colcon.colcon_core.package_identification:_identify(src) by extension 'colcon_pkg'
[0.169s] Level 1:colcon.colcon_core.package_identification:_identify(src) by extensions ['colcon_meta']
[0.169s] Level 1:colcon.colcon_core.package_identification:_identify(src) by extension 'colcon_meta'
[0.169s] Level 1:colcon.colcon_core.package_identification:_identify(src) by extensions ['ros']
[0.169s] Level 1:colcon.colcon_core.package_identification:_identify(src) by extension 'ros'
[0.169s] Level 1:colcon.colcon_core.package_identification:_identify(src) by extensions ['cmake', 'python']
[0.169s] Level 1:colcon.colcon_core.package_identification:_identify(src) by extension 'cmake'
[0.169s] Level 1:colcon.colcon_core.package_identification:_identify(src) by extension 'python'
[0.169s] Level 1:colcon.colcon_core.package_identification:_identify(src) by extensions ['python_setup_py']
[0.169s] Level 1:colcon.colcon_core.package_identification:_identify(src) by extension 'python_setup_py'
[0.169s] Level 1:colcon.colcon_core.package_identification:_identify(src/orange_detector) by extensions ['ignore', 'ignore_ament_install']
[0.169s] Level 1:colcon.colcon_core.package_identification:_identify(src/orange_detector) by extension 'ignore'
[0.169s] Level 1:colcon.colcon_core.package_identification:_identify(src/orange_detector) by extension 'ignore_ament_install'
[0.169s] Level 1:colcon.colcon_core.package_identification:_identify(src/orange_detector) by extensions ['colcon_pkg']
[0.169s] Level 1:colcon.colcon_core.package_identification:_identify(src/orange_detector) by extension 'colcon_pkg'
[0.169s] Level 1:colcon.colcon_core.package_identification:_identify(src/orange_detector) by extensions ['colcon_meta']
[0.169s] Level 1:colcon.colcon_core.package_identification:_identify(src/orange_detector) by extension 'colcon_meta'
[0.169s] Level 1:colcon.colcon_core.package_identification:_identify(src/orange_detector) by extensions ['ros']
[0.169s] Level 1:colcon.colcon_core.package_identification:_identify(src/orange_detector) by extension 'ros'
[0.176s] DEBUG:colcon.colcon_core.package_identification:Found ROS schema reference in package manifest in 'src/orange_detector'
[0.176s] WARNING:colcon.colcon_core.package_identification:Failed to parse ROS package manifest in 'src/orange_detector': Error(s) in package 'src/orange_detector/package.xml':
Invalid email "mostafaelzeny27@gmailcom" for person "mo"
[0.176s] Level 1:colcon.colcon_core.package_identification:_identify(src/orange_detector) by extensions ['cmake', 'python']
[0.176s] Level 1:colcon.colcon_core.package_identification:_identify(src/orange_detector) by extension 'cmake'
[0.176s] Level 1:colcon.colcon_core.package_identification:_identify(src/orange_detector) by extension 'python'
[0.176s] DEBUG:colcon.colcon_core.package_identification:Python package in 'src/orange_detector' passes arguments to the setup() function which requires a different identification extension than 'python'
[0.176s] Level 1:colcon.colcon_core.package_identification:_identify(src/orange_detector) by extensions ['python_setup_py']
[0.176s] Level 1:colcon.colcon_core.package_identification:_identify(src/orange_detector) by extension 'python_setup_py'
[0.335s] DEBUG:colcon.colcon_core.package_identification:Package 'src/orange_detector' with type 'python' and name 'orange_detector'
[0.335s] Level 1:colcon.colcon_core.package_discovery:discover_packages(recursive) using defaults
[0.335s] Level 1:colcon.colcon_core.package_discovery:discover_packages(ignore) discover
[0.335s] Level 1:colcon.colcon_core.package_discovery:discover_packages(ignore) using defaults
[0.335s] Level 1:colcon.colcon_core.package_discovery:discover_packages(path) discover
[0.335s] Level 1:colcon.colcon_core.package_discovery:discover_packages(path) using defaults
[0.347s] Level 1:colcon.colcon_core.package_discovery:discover_packages(prefix_path) check parameters
[0.347s] Level 1:colcon.colcon_core.package_discovery:discover_packages(prefix_path) discover
[0.348s] DEBUG:colcon.colcon_installed_package_information.package_discovery:Found 1 installed packages in /home/mo/ros2_ws/install
[0.349s] DEBUG:colcon.colcon_installed_package_information.package_discovery:Found 280 installed packages in /opt/ros/humble
[0.349s] Level 1:colcon.colcon_core.package_discovery:discover_packages(prefix_path) using defaults
[0.369s] Level 5:colcon.colcon_core.verb:set package 'orange_detector' build argument 'cmake_args' from command line to 'None'
[0.369s] Level 5:colcon.colcon_core.verb:set package 'orange_detector' build argument 'cmake_target' from command line to 'None'
[0.369s] Level 5:colcon.colcon_core.verb:set package 'orange_detector' build argument 'cmake_target_skip_unavailable' from command line to 'False'
[0.369s] Level 5:colcon.colcon_core.verb:set package 'orange_detector' build argument 'cmake_clean_cache' from command line to 'False'
[0.369s] Level 5:colcon.colcon_core.verb:set package 'orange_detector' build argument 'cmake_clean_first' from command line to 'False'
[0.369s] Level 5:colcon.colcon_core.verb:set package 'orange_detector' build argument 'cmake_force_configure' from command line to 'False'
[0.369s] Level 5:colcon.colcon_core.verb:set package 'orange_detector' build argument 'ament_cmake_args' from command line to 'None'
[0.369s] Level 5:colcon.colcon_core.verb:set package 'orange_detector' build argument 'catkin_cmake_args' from command line to 'None'
[0.369s] Level 5:colcon.colcon_core.verb:set package 'orange_detector' build argument 'catkin_skip_building_tests' from command line to 'False'
[0.369s] DEBUG:colcon.colcon_core.verb:Building package 'orange_detector' with the following arguments: {'ament_cmake_args': None, 'build_base': '/home/mo/ws_python/build/orange_detector', 'catkin_cmake_args': None, 'catkin_skip_building_tests': False, 'cmake_args': None, 'cmake_clean_cache': False, 'cmake_clean_first': False, 'cmake_force_configure': False, 'cmake_target': None, 'cmake_target_skip_unavailable': False, 'install_base': '/home/mo/ws_python/install/orange_detector', 'merge_install': False, 'path': '/home/mo/ws_python/src/orange_detector', 'symlink_install': False, 'test_result_base': None}
[0.370s] INFO:colcon.colcon_core.executor:Executing jobs using 'parallel' executor
[0.370s] DEBUG:colcon.colcon_parallel_executor.executor.parallel:run_until_complete
[0.370s] INFO:colcon.colcon_core.task.python.build:Building Python package in '/home/mo/ws_python/src/orange_detector'
[0.371s] INFO:colcon.colcon_core.plugin_system:Skipping extension 'colcon_core.shell.bat': Not used on non-Windows systems
[0.371s] INFO:colcon.colcon_core.shell:Skip shell extension 'powershell' for command environment: Not usable outside of PowerShell
[0.371s] DEBUG:colcon.colcon_core.shell:Skip shell extension 'dsv' for command environment
[0.850s] DEBUG:colcon.colcon_core.event_handler.log_command:Invoking command in '/home/mo/ws_python/src/orange_detector': PYTHONPATH=/home/mo/ws_python/build/orange_detector/prefix_override:/usr/lib/python3/dist-packages/colcon_core/task/python/colcon_distutils_commands:/home/mo/ws_python/install/orange_detector/lib/python3.10/site-packages:${PYTHONPATH} /usr/bin/python3 -W ignore:setup.py install is deprecated -W ignore:easy_install command is deprecated setup.py egg_info --egg-base ../../build/orange_detector build --build-base /home/mo/ws_python/build/orange_detector/build install --record /home/mo/ws_python/build/orange_detector/install.log --single-version-externally-managed install_data
[1.027s] DEBUG:colcon.colcon_core.event_handler.log_command:Invoked command in '/home/mo/ws_python/src/orange_detector' returned '0': PYTHONPATH=/home/mo/ws_python/build/orange_detector/prefix_override:/usr/lib/python3/dist-packages/colcon_core/task/python/colcon_distutils_commands:/home/mo/ws_python/install/orange_detector/lib/python3.10/site-packages:${PYTHONPATH} /usr/bin/python3 -W ignore:setup.py install is deprecated -W ignore:easy_install command is deprecated setup.py egg_info --egg-base ../../build/orange_detector build --build-base /home/mo/ws_python/build/orange_detector/build install --record /home/mo/ws_python/build/orange_detector/install.log --single-version-externally-managed install_data
[1.029s] Level 1:colcon.colcon_core.environment:checking '/home/mo/ws_python/install/orange_detector' for CMake module files
[1.029s] Level 1:colcon.colcon_core.environment:checking '/home/mo/ws_python/install/orange_detector' for CMake config files
[1.029s] Level 1:colcon.colcon_core.environment:checking '/home/mo/ws_python/install/orange_detector/lib'
[1.029s] Level 1:colcon.colcon_core.environment:checking '/home/mo/ws_python/install/orange_detector/bin'
[1.029s] Level 1:colcon.colcon_core.environment:checking '/home/mo/ws_python/install/orange_detector/lib/pkgconfig/orange_detector.pc'
[1.029s] Level 1:colcon.colcon_core.environment:checking '/home/mo/ws_python/install/orange_detector/lib/python3.10/site-packages'
[1.029s] Level 1:colcon.colcon_core.shell:create_environment_hook('orange_detector', 'pythonpath')
[1.030s] INFO:colcon.colcon_core.shell:Creating environment hook '/home/mo/ws_python/install/orange_detector/share/orange_detector/hook/pythonpath.ps1'
[1.030s] INFO:colcon.colcon_core.shell:Creating environment descriptor '/home/mo/ws_python/install/orange_detector/share/orange_detector/hook/pythonpath.dsv'
[1.030s] INFO:colcon.colcon_core.shell:Creating environment hook '/home/mo/ws_python/install/orange_detector/share/orange_detector/hook/pythonpath.sh'
[1.030s] Level 1:colcon.colcon_core.environment:checking '/home/mo/ws_python/install/orange_detector/bin'
[1.031s] Level 1:colcon.colcon_core.environment:create_environment_scripts_only(orange_detector)
[1.031s] INFO:colcon.colcon_core.shell:Creating package script '/home/mo/ws_python/install/orange_detector/share/orange_detector/package.ps1'
[1.031s] INFO:colcon.colcon_core.shell:Creating package descriptor '/home/mo/ws_python/install/orange_detector/share/orange_detector/package.dsv'
[1.031s] INFO:colcon.colcon_core.shell:Creating package script '/home/mo/ws_python/install/orange_detector/share/orange_detector/package.sh'
[1.032s] INFO:colcon.colcon_core.shell:Creating package script '/home/mo/ws_python/install/orange_detector/share/orange_detector/package.bash'
[1.032s] INFO:colcon.colcon_core.shell:Creating package script '/home/mo/ws_python/install/orange_detector/share/orange_detector/package.zsh'
[1.032s] Level 1:colcon.colcon_core.environment:create_file_with_runtime_dependencies(/home/mo/ws_python/install/orange_detector/share/colcon-core/packages/orange_detector)
[1.033s] DEBUG:colcon.colcon_parallel_executor.executor.parallel:closing loop
[1.033s] DEBUG:colcon.colcon_parallel_executor.executor.parallel:loop closed
[1.033s] DEBUG:colcon.colcon_parallel_executor.executor.parallel:run_until_complete finished with '0'
[1.033s] DEBUG:colcon.colcon_core.event_reactor:joining thread
[1.036s] INFO:colcon.colcon_core.plugin_system:Skipping extension 'colcon_notification.desktop_notification.terminal_notifier': Not used on non-Darwin systems
[1.036s] INFO:colcon.colcon_core.plugin_system:Skipping extension 'colcon_notification.desktop_notification.win32': Not used on non-Windows systems
[1.036s] INFO:colcon.colcon_notification.desktop_notification:Sending desktop notification using 'notify2'
[1.047s] DEBUG:colcon.colcon_core.event_reactor:joined thread
[1.047s] INFO:colcon.colcon_core.shell:Creating prefix script '/home/mo/ws_python/install/local_setup.ps1'
[1.047s] INFO:colcon.colcon_core.shell:Creating prefix util module '/home/mo/ws_python/install/_local_setup_util_ps1.py'
[1.048s] INFO:colcon.colcon_core.shell:Creating prefix chain script '/home/mo/ws_python/install/setup.ps1'
[1.049s] INFO:colcon.colcon_core.shell:Creating prefix script '/home/mo/ws_python/install/local_setup.sh'
[1.049s] INFO:colcon.colcon_core.shell:Creating prefix util module '/home/mo/ws_python/install/_local_setup_util_sh.py'
[1.050s] INFO:colcon.colcon_core.shell:Creating prefix chain script '/home/mo/ws_python/install/setup.sh'
[1.050s] INFO:colcon.colcon_core.shell:Creating prefix script '/home/mo/ws_python/install/local_setup.bash'
[1.051s] INFO:colcon.colcon_core.shell:Creating prefix chain script '/home/mo/ws_python/install/setup.bash'
[1.051s] INFO:colcon.colcon_core.shell:Creating prefix script '/home/mo/ws_python/install/local_setup.zsh'
[1.052s] INFO:colcon.colcon_core.shell:Creating prefix chain script '/home/mo/ws_python/install/setup.zsh'
