[0.406s] Invoking command in '/home/mo/ws_python/src/orange_detector': PYTHONPATH=/home/mo/ws_python/build/orange_detector/prefix_override:/usr/lib/python3/dist-packages/colcon_core/task/python/colcon_distutils_commands:/home/mo/ws_python/install/orange_detector/lib/python3.10/site-packages:${PYTHONPATH} /usr/bin/python3 -W ignore:setup.py install is deprecated -W ignore:easy_install command is deprecated setup.py egg_info --egg-base ../../build/orange_detector build --build-base /home/mo/ws_python/build/orange_detector/build install --record /home/mo/ws_python/build/orange_detector/install.log --single-version-externally-managed install_data
[0.551s] running egg_info
[0.551s] writing ../../build/orange_detector/orange_detector.egg-info/PKG-INFO
[0.551s] writing dependency_links to ../../build/orange_detector/orange_detector.egg-info/dependency_links.txt
[0.551s] writing entry points to ../../build/orange_detector/orange_detector.egg-info/entry_points.txt
[0.552s] writing requirements to ../../build/orange_detector/orange_detector.egg-info/requires.txt
[0.552s] writing top-level names to ../../build/orange_detector/orange_detector.egg-info/top_level.txt
[0.552s] reading manifest file '../../build/orange_detector/orange_detector.egg-info/SOURCES.txt'
[0.553s] writing manifest file '../../build/orange_detector/orange_detector.egg-info/SOURCES.txt'
[0.553s] running build
[0.553s] running build_py
[0.553s] copying orange_detector/control_servo.py -> /home/mo/ws_python/build/orange_detector/build/lib/orange_detector
[0.553s] copying orange_detector/detect_orange.py -> /home/mo/ws_python/build/orange_detector/build/lib/orange_detector
[0.553s] running install
[0.553s] running install_lib
[0.554s] copying /home/mo/ws_python/build/orange_detector/build/lib/orange_detector/control_servo.py -> /home/mo/ws_python/install/orange_detector/lib/python3.10/site-packages/orange_detector
[0.554s] copying /home/mo/ws_python/build/orange_detector/build/lib/orange_detector/detect_orange.py -> /home/mo/ws_python/install/orange_detector/lib/python3.10/site-packages/orange_detector
[0.554s] byte-compiling /home/mo/ws_python/install/orange_detector/lib/python3.10/site-packages/orange_detector/control_servo.py to control_servo.cpython-310.pyc
[0.554s] byte-compiling /home/mo/ws_python/install/orange_detector/lib/python3.10/site-packages/orange_detector/detect_orange.py to detect_orange.cpython-310.pyc
[0.555s] running install_data
[0.555s] copying package.xml -> /home/mo/ws_python/install/orange_detector/share/orange_detector
[0.555s] running install_egg_info
[0.556s] removing '/home/mo/ws_python/install/orange_detector/lib/python3.10/site-packages/orange_detector-0.0.0-py3.10.egg-info' (and everything under it)
[0.556s] Copying ../../build/orange_detector/orange_detector.egg-info to /home/mo/ws_python/install/orange_detector/lib/python3.10/site-packages/orange_detector-0.0.0-py3.10.egg-info
[0.556s] running install_scripts
[0.568s] Installing control_servo script to /home/mo/ws_python/install/orange_detector/lib/orange_detector
[0.568s] Installing detect_orange script to /home/mo/ws_python/install/orange_detector/lib/orange_detector
[0.568s] writing list of installed files to '/home/mo/ws_python/build/orange_detector/install.log'
[0.581s] Invoked command in '/home/mo/ws_python/src/orange_detector' returned '0': PYTHONPATH=/home/mo/ws_python/build/orange_detector/prefix_override:/usr/lib/python3/dist-packages/colcon_core/task/python/colcon_distutils_commands:/home/mo/ws_python/install/orange_detector/lib/python3.10/site-packages:${PYTHONPATH} /usr/bin/python3 -W ignore:setup.py install is deprecated -W ignore:easy_install command is deprecated setup.py egg_info --egg-base ../../build/orange_detector build --build-base /home/mo/ws_python/build/orange_detector/build install --record /home/mo/ws_python/build/orange_detector/install.log --single-version-externally-managed install_data
