[0.480s] Invoking command in '/home/mo/ws_python/src/orange_detector': PYTHONPATH=/home/mo/ws_python/build/orange_detector/prefix_override:/usr/lib/python3/dist-packages/colcon_core/task/python/colcon_distutils_commands:/home/mo/ws_python/install/orange_detector/lib/python3.10/site-packages:${PYTHONPATH} /usr/bin/python3 -W ignore:setup.py install is deprecated -W ignore:easy_install command is deprecated setup.py egg_info --egg-base ../../build/orange_detector build --build-base /home/mo/ws_python/build/orange_detector/build install --record /home/mo/ws_python/build/orange_detector/install.log --single-version-externally-managed install_data
[0.626s] running egg_info
[0.626s] creating ../../build/orange_detector/orange_detector.egg-info
[0.626s] writing ../../build/orange_detector/orange_detector.egg-info/PKG-INFO
[0.626s] writing dependency_links to ../../build/orange_detector/orange_detector.egg-info/dependency_links.txt
[0.626s] writing entry points to ../../build/orange_detector/orange_detector.egg-info/entry_points.txt
[0.626s] writing requirements to ../../build/orange_detector/orange_detector.egg-info/requires.txt
[0.626s] writing top-level names to ../../build/orange_detector/orange_detector.egg-info/top_level.txt
[0.626s] writing manifest file '../../build/orange_detector/orange_detector.egg-info/SOURCES.txt'
[0.627s] reading manifest file '../../build/orange_detector/orange_detector.egg-info/SOURCES.txt'
[0.627s] writing manifest file '../../build/orange_detector/orange_detector.egg-info/SOURCES.txt'
[0.627s] running build
[0.628s] running build_py
[0.628s] creating /home/mo/ws_python/build/orange_detector/build
[0.628s] creating /home/mo/ws_python/build/orange_detector/build/lib
[0.628s] creating /home/mo/ws_python/build/orange_detector/build/lib/orange_detector
[0.628s] copying orange_detector/__init__.py -> /home/mo/ws_python/build/orange_detector/build/lib/orange_detector
[0.628s] running install
[0.628s] running install_lib
[0.628s] creating /home/mo/ws_python/install/orange_detector/lib/python3.10/site-packages/orange_detector
[0.628s] copying /home/mo/ws_python/build/orange_detector/build/lib/orange_detector/__init__.py -> /home/mo/ws_python/install/orange_detector/lib/python3.10/site-packages/orange_detector
[0.628s] byte-compiling /home/mo/ws_python/install/orange_detector/lib/python3.10/site-packages/orange_detector/__init__.py to __init__.cpython-310.pyc
[0.629s] running install_data
[0.629s] creating /home/mo/ws_python/install/orange_detector/share
[0.629s] creating /home/mo/ws_python/install/orange_detector/share/ament_index
[0.629s] creating /home/mo/ws_python/install/orange_detector/share/ament_index/resource_index
[0.629s] creating /home/mo/ws_python/install/orange_detector/share/ament_index/resource_index/packages
[0.629s] copying resource/orange_detector -> /home/mo/ws_python/install/orange_detector/share/ament_index/resource_index/packages
[0.629s] creating /home/mo/ws_python/install/orange_detector/share/orange_detector
[0.629s] copying package.xml -> /home/mo/ws_python/install/orange_detector/share/orange_detector
[0.629s] running install_egg_info
[0.630s] Copying ../../build/orange_detector/orange_detector.egg-info to /home/mo/ws_python/install/orange_detector/lib/python3.10/site-packages/orange_detector-0.0.0-py3.10.egg-info
[0.630s] running install_scripts
[0.643s] writing list of installed files to '/home/mo/ws_python/build/orange_detector/install.log'
[0.657s] Invoked command in '/home/mo/ws_python/src/orange_detector' returned '0': PYTHONPATH=/home/mo/ws_python/build/orange_detector/prefix_override:/usr/lib/python3/dist-packages/colcon_core/task/python/colcon_distutils_commands:/home/mo/ws_python/install/orange_detector/lib/python3.10/site-packages:${PYTHONPATH} /usr/bin/python3 -W ignore:setup.py install is deprecated -W ignore:easy_install command is deprecated setup.py egg_info --egg-base ../../build/orange_detector build --build-base /home/mo/ws_python/build/orange_detector/build install --record /home/mo/ws_python/build/orange_detector/install.log --single-version-externally-managed install_data
