[0.409s] Invoking command in '/home/mo/ws_python/build/orange_detector': PYTHONPATH=/home/mo/ws_python/build/orange_detector/prefix_override:/usr/lib/python3/dist-packages/colcon_core/task/python/colcon_distutils_commands:/home/mo/ws_python/install/orange_detector/lib/python3.10/site-packages:${PYTHONPATH} /usr/bin/python3 -W ignore:setup.py install is deprecated -W ignore:easy_install command is deprecated setup.py develop --editable --build-directory /home/mo/ws_python/build/orange_detector/build --no-deps symlink_data --force
[0.564s] running develop
[0.608s] /usr/lib/python3/dist-packages/pkg_resources/__init__.py:116: PkgResourcesDeprecationWarning: 1.12.1-git20200711.33e2d80-dfsg1-0.6 is an invalid version and will not be supported in a future release
[0.608s]   warnings.warn(
[0.679s] running egg_info
[0.679s] writing orange_detector.egg-info/PKG-INFO
[0.679s] writing dependency_links to orange_detector.egg-info/dependency_links.txt
[0.679s] writing entry points to orange_detector.egg-info/entry_points.txt
[0.679s] writing requirements to orange_detector.egg-info/requires.txt
[0.679s] writing top-level names to orange_detector.egg-info/top_level.txt
[0.680s] reading manifest file 'orange_detector.egg-info/SOURCES.txt'
[0.680s] writing manifest file 'orange_detector.egg-info/SOURCES.txt'
[0.699s] running build_ext
[0.699s] Creating /home/mo/ws_python/install/orange_detector/lib/python3.10/site-packages/orange-detector.egg-link (link to .)
[0.700s] Installing control_servo script to /home/mo/ws_python/install/orange_detector/lib/orange_detector
[0.700s] Installing detect_orange script to /home/mo/ws_python/install/orange_detector/lib/orange_detector
[0.700s] 
[0.700s] Installed /home/mo/ws_python/build/orange_detector
[0.700s] running symlink_data
[0.700s] symbolically linking /home/mo/ws_python/build/orange_detector/resource/orange_detector -> /home/mo/ws_python/install/orange_detector/share/ament_index/resource_index/packages
[0.700s] symbolically linking /home/mo/ws_python/build/orange_detector/package.xml -> /home/mo/ws_python/install/orange_detector/share/orange_detector
[0.716s] Invoked command in '/home/mo/ws_python/build/orange_detector' returned '0': PYTHONPATH=/home/mo/ws_python/build/orange_detector/prefix_override:/usr/lib/python3/dist-packages/colcon_core/task/python/colcon_distutils_commands:/home/mo/ws_python/install/orange_detector/lib/python3.10/site-packages:${PYTHONPATH} /usr/bin/python3 -W ignore:setup.py install is deprecated -W ignore:easy_install command is deprecated setup.py develop --editable --build-directory /home/mo/ws_python/build/orange_detector/build --no-deps symlink_data --force
