[0.065s] DEBUG:colcon:Command line arguments: ['/usr/bin/colcon', 'list', '-p', '--base-paths', '/home/mo/ws_python']
[0.065s] DEBUG:colcon:Parsed command line arguments: Namespace(log_base=None, log_level=None, verb_name='list', build_base='build', ignore_user_meta=False, metas=['./colcon.meta'], base_paths=['/home/mo/ws_python'], packages_ignore=None, packages_ignore_regex=None, paths=None, packages_up_to=None, packages_up_to_regex=None, packages_above=None, packages_above_and_dependencies=None, packages_above_depth=None, packages_select_by_dep=None, packages_skip_by_dep=None, packages_skip_up_to=None, packages_select_build_failed=False, packages_skip_build_finished=False, packages_select_test_failures=False, packages_skip_test_passed=False, packages_select=None, packages_skip=None, packages_select_regex=None, packages_skip_regex=None, packages_start=None, packages_end=None, allow_overriding=[], topological_order=False, names_only=False, paths_only=True, topological_graph=False, topological_graph_dot=False, topological_graph_density=False, topological_graph_legend=False, topological_graph_dot_cluster=False, topological_graph_dot_include_skipped=False, verb_parser=<colcon_defaults.argument_parser.defaults.DefaultArgumentsDecorator object at 0x7996cd35a650>, verb_extension=<colcon_package_information.verb.list.ListVerb object at 0x7996cd3595a0>, main=<bound method ListVerb.main of <colcon_package_information.verb.list.ListVerb object at 0x7996cd3595a0>>)
[0.202s] Level 1:colcon.colcon_core.package_discovery:discover_packages(colcon_meta) check parameters
[0.202s] Level 1:colcon.colcon_core.package_discovery:discover_packages(recursive) check parameters
[0.202s] Level 1:colcon.colcon_core.package_discovery:discover_packages(ignore) check parameters
[0.202s] Level 1:colcon.colcon_core.package_discovery:discover_packages(path) check parameters
[0.202s] Level 1:colcon.colcon_core.package_discovery:discover_packages(recursive) discover
[0.202s] INFO:colcon.colcon_core.package_discovery:Crawling recursively for packages in '/home/mo/ws_python'
[0.202s] Level 1:colcon.colcon_core.package_identification:_identify(/home/mo/ws_python) by extensions ['ignore', 'ignore_ament_install']
[0.202s] Level 1:colcon.colcon_core.package_identification:_identify(/home/mo/ws_python) by extension 'ignore'
[0.202s] Level 1:colcon.colcon_core.package_identification:_identify(/home/mo/ws_python) by extension 'ignore_ament_install'
[0.202s] Level 1:colcon.colcon_core.package_identification:_identify(/home/mo/ws_python) by extensions ['colcon_pkg']
[0.202s] Level 1:colcon.colcon_core.package_identification:_identify(/home/mo/ws_python) by extension 'colcon_pkg'
[0.202s] Level 1:colcon.colcon_core.package_identification:_identify(/home/mo/ws_python) by extensions ['colcon_meta']
[0.202s] Level 1:colcon.colcon_core.package_identification:_identify(/home/mo/ws_python) by extension 'colcon_meta'
[0.202s] Level 1:colcon.colcon_core.package_identification:_identify(/home/mo/ws_python) by extensions ['ros']
[0.202s] Level 1:colcon.colcon_core.package_identification:_identify(/home/mo/ws_python) by extension 'ros'
[0.210s] Level 1:colcon.colcon_core.package_identification:_identify(/home/mo/ws_python) by extensions ['cmake', 'python']
[0.210s] Level 1:colcon.colcon_core.package_identification:_identify(/home/mo/ws_python) by extension 'cmake'
[0.210s] Level 1:colcon.colcon_core.package_identification:_identify(/home/mo/ws_python) by extension 'python'
[0.210s] Level 1:colcon.colcon_core.package_identification:_identify(/home/mo/ws_python) by extensions ['python_setup_py']
[0.210s] Level 1:colcon.colcon_core.package_identification:_identify(/home/mo/ws_python) by extension 'python_setup_py'
[0.211s] Level 1:colcon.colcon_core.package_identification:_identify(/home/mo/ws_python/build) by extensions ['ignore', 'ignore_ament_install']
[0.211s] Level 1:colcon.colcon_core.package_identification:_identify(/home/mo/ws_python/build) by extension 'ignore'
[0.211s] Level 1:colcon.colcon_core.package_identification:_identify(/home/mo/ws_python/build) ignored
[0.211s] Level 1:colcon.colcon_core.package_identification:_identify(/home/mo/ws_python/install) by extensions ['ignore', 'ignore_ament_install']
[0.211s] Level 1:colcon.colcon_core.package_identification:_identify(/home/mo/ws_python/install) by extension 'ignore'
[0.211s] Level 1:colcon.colcon_core.package_identification:_identify(/home/mo/ws_python/install) ignored
[0.211s] Level 1:colcon.colcon_core.package_identification:_identify(/home/mo/ws_python/log) by extensions ['ignore', 'ignore_ament_install']
[0.211s] Level 1:colcon.colcon_core.package_identification:_identify(/home/mo/ws_python/log) by extension 'ignore'
[0.211s] Level 1:colcon.colcon_core.package_identification:_identify(/home/mo/ws_python/log) ignored
[0.211s] Level 1:colcon.colcon_core.package_identification:_identify(/home/mo/ws_python/src) by extensions ['ignore', 'ignore_ament_install']
[0.211s] Level 1:colcon.colcon_core.package_identification:_identify(/home/mo/ws_python/src) by extension 'ignore'
[0.211s] Level 1:colcon.colcon_core.package_identification:_identify(/home/mo/ws_python/src) by extension 'ignore_ament_install'
[0.211s] Level 1:colcon.colcon_core.package_identification:_identify(/home/mo/ws_python/src) by extensions ['colcon_pkg']
[0.211s] Level 1:colcon.colcon_core.package_identification:_identify(/home/mo/ws_python/src) by extension 'colcon_pkg'
[0.211s] Level 1:colcon.colcon_core.package_identification:_identify(/home/mo/ws_python/src) by extensions ['colcon_meta']
[0.211s] Level 1:colcon.colcon_core.package_identification:_identify(/home/mo/ws_python/src) by extension 'colcon_meta'
[0.211s] Level 1:colcon.colcon_core.package_identification:_identify(/home/mo/ws_python/src) by extensions ['ros']
[0.211s] Level 1:colcon.colcon_core.package_identification:_identify(/home/mo/ws_python/src) by extension 'ros'
[0.211s] Level 1:colcon.colcon_core.package_identification:_identify(/home/mo/ws_python/src) by extensions ['cmake', 'python']
[0.211s] Level 1:colcon.colcon_core.package_identification:_identify(/home/mo/ws_python/src) by extension 'cmake'
[0.211s] Level 1:colcon.colcon_core.package_identification:_identify(/home/mo/ws_python/src) by extension 'python'
[0.211s] Level 1:colcon.colcon_core.package_identification:_identify(/home/mo/ws_python/src) by extensions ['python_setup_py']
[0.211s] Level 1:colcon.colcon_core.package_identification:_identify(/home/mo/ws_python/src) by extension 'python_setup_py'
[0.212s] Level 1:colcon.colcon_core.package_identification:_identify(/home/mo/ws_python/src/orange_detector) by extensions ['ignore', 'ignore_ament_install']
[0.212s] Level 1:colcon.colcon_core.package_identification:_identify(/home/mo/ws_python/src/orange_detector) by extension 'ignore'
[0.212s] Level 1:colcon.colcon_core.package_identification:_identify(/home/mo/ws_python/src/orange_detector) by extension 'ignore_ament_install'
[0.212s] Level 1:colcon.colcon_core.package_identification:_identify(/home/mo/ws_python/src/orange_detector) by extensions ['colcon_pkg']
[0.212s] Level 1:colcon.colcon_core.package_identification:_identify(/home/mo/ws_python/src/orange_detector) by extension 'colcon_pkg'
[0.212s] Level 1:colcon.colcon_core.package_identification:_identify(/home/mo/ws_python/src/orange_detector) by extensions ['colcon_meta']
[0.212s] Level 1:colcon.colcon_core.package_identification:_identify(/home/mo/ws_python/src/orange_detector) by extension 'colcon_meta'
[0.212s] Level 1:colcon.colcon_core.package_identification:_identify(/home/mo/ws_python/src/orange_detector) by extensions ['ros']
[0.212s] Level 1:colcon.colcon_core.package_identification:_identify(/home/mo/ws_python/src/orange_detector) by extension 'ros'
[0.214s] DEBUG:colcon.colcon_core.package_identification:Package '/home/mo/ws_python/src/orange_detector' with type 'ros.ament_python' and name 'orange_detector'
[0.215s] Level 1:colcon.colcon_core.package_discovery:discover_packages(recursive) using defaults
